<?xml version="1.0" encoding="UTF-8"?>
<!-- Generated by org.testng.reporters.JUnitXMLReporter -->
<testsuite ignored="4" hostname="Gursandeep_Virk" failures="0" tests="26" name="Surefire test" time="185.401" errors="0" timestamp="15 Nov. 2023 23:12:29 GMT">
  <testcase classname="com.naveenautomation.TestPages.AccountPageTest" name="validateIfUserCanFillAffiliateEditForm" time="3.587"/>
  <testcase classname="com.naveenautomation.TestPages.AccountPageTest" name="validateNewspaperSubsciption" time="3.288"/>
  <testcase classname="com.naveenautomation.TestPages.AccountPageTest" name="validateProductReturn" time="2.855"/>
  <testcase classname="com.naveenautomation.TestPages.AccountPageTest" name="validateUserCanUpdatePersonalInfo" time="3.396"/>
  <testcase classname="com.naveenautomation.TestPages.RewardPageTest" name="validateIfUserHasNoRewardPoints" time="2.335"/>
  <testcase classname="com.naveenautomation.TestPages.AddressPageTest" name="validateIfUserCanAddNewAddress" time="5.443"/>
  <testcase classname="com.naveenautomation.TestPages.SpecialPageTest" name="validateIfUserCanAddProductToCompareList" time="2.43"/>
  <testcase classname="com.naveenautomation.TestPages.AffiliateEditPageTest" name="validateUserFailedToEditAffilateWithNoPayeeInput" time="3.192"/>
  <testcase classname="com.naveenautomation.TestPages.TransactionPageTest" name="validateIfUserHasNotAnyTransaction" time="2.207"/>
  <testcase classname="com.naveenautomation.TestPages.ContactPageTest" name="validateIfContactUsFailedWithLessEnquiryChar" time="2.833"/>
  <testcase classname="com.naveenautomation.TestPages.ContactPageTest" name="validateIfContactUsFailedWithNoEmailInput" time="2.803"/>
  <testcase classname="com.naveenautomation.TestPages.VoucherSuccessPageTest" name="validateIfRequiredFieldsAreEmptyThenUserCannotBuyVoucher" time="3.131"/>
  <testcase classname="com.naveenautomation.TestPages.VoucherSuccessPageTest" name="validateIfUserCanBuyVoucher" time="3.284"/>
  <testcase classname="com.naveenautomation.TestPages.ContactSuccessPageTest" name="validateIfUserCanSuccessfullySubmitEnquiryOnContactUs" time="3.367"/>
  <testcase classname="com.naveenautomation.TestPages.DownloadPageTest" name="validateIfUserHasNotAnyDownloads" time="1.968"/>
  <testcase classname="com.naveenautomation.TestPages.LoginPageTest" name="validateEmailForForgottenPassword" time="1.346"/>
  <testcase classname="com.naveenautomation.TestPages.LoginPageTest" name="validateLoginWithMultipleCredentials" time="1.241"/>
  <testcase classname="com.naveenautomation.TestPages.LoginPageTest" name="validateLoginWithMultipleCredentials" time="1.222"/>
  <testcase classname="com.naveenautomation.TestPages.LoginPageTest" name="validateLoginWithMultipleCredentials" time="1.33"/>
  <testcase classname="com.naveenautomation.TestPages.LoginPageTest" name="validateLoginWithMultipleCredentials" time="1.287"/>
  <testcase classname="com.naveenautomation.TestPages.LoginPageTest" name="validateLoginWithMultipleCredentials" time="1.256"/>
  <testcase classname="com.naveenautomation.TestPages.LoginPageTest" name="validateUserCanLoginWithValidCredentials" time="1.143"/>
  <testcase classname="com.naveenautomation.TestPages.LoginPageTest" name="validateUserCanNotLoginWithInValidCredentials" time="0.995"/>
  <testcase classname="com.naveenautomation.TestPages.LogoutPageTest" name="validateLogoutFunctionality" time="2.833"/>
  <testcase classname="com.naveenautomation.TestPages.MacPageTest" name="validateIfUserCanAddMacToWishList" time="2.694"/>
  <testcase classname="com.naveenautomation.TestPages.OrderHistoryPageTest" name="validateIfUserHasNotAnyOrderHistory" time="2.143"/>
  <testcase classname="com.naveenautomation.TestPages.AddressPageTest" name="validateIfUserCanMakeExistingAddressAsDefaultAddress" time="0.0">
    <ignored/>
  </testcase> <!-- validateIfUserCanMakeExistingAddressAsDefaultAddress -->
  <testcase classname="com.naveenautomation.TestPages.RecurringPaymentsPageTest" name="validateIfUserHasNoRecurringPayments" time="0.0">
    <ignored/>
  </testcase> <!-- validateIfUserHasNoRecurringPayments -->
  <testcase classname="com.naveenautomation.TestPages.Path33PageTest" name="validateCamerasAsTextAvailable" time="0.0">
    <ignored/>
  </testcase> <!-- validateCamerasAsTextAvailable -->
  <testcase classname="com.naveenautomation.TestPages.Path33PageTest" name="validateIfUserCanAddCanonForComparisonSuccessfully" time="0.0">
    <ignored/>
  </testcase> <!-- validateIfUserCanAddCanonForComparisonSuccessfully -->
</testsuite> <!-- Surefire test -->
