<?xml version="1.0" encoding="UTF-8"?>
<!-- Generated by org.testng.reporters.JUnitXMLReporter -->
<testsuite ignored="3" hostname="Gursandeep_Virk" failures="0" tests="1" name="Default test" time="8.753" errors="0" timestamp="2023-11-20T15:12:29 EST">
  <testcase classname="com.naveenautomation.TestPages.AccountPageTest" name="validateUserCanUpdatePersonalInfo" time="2.96"/>
  <testcase classname="com.naveenautomation.TestPages.AccountPageTest" name="validateNewspaperSubsciption" time="0.0">
    <ignored/>
  </testcase> <!-- validateNewspaperSubsciption -->
  <testcase classname="com.naveenautomation.TestPages.AccountPageTest" name="validateProductReturn" time="0.0">
    <ignored/>
  </testcase> <!-- validateProductReturn -->
  <testcase classname="com.naveenautomation.TestPages.AccountPageTest" name="validateIfUserCanFillAffiliateEditForm" time="0.0">
    <ignored/>
  </testcase> <!-- validateIfUserCanFillAffiliateEditForm -->
</testsuite> <!-- Default test -->
