<?xml version="1.0" encoding="UTF-8"?>
<!-- Generated by org.testng.reporters.JUnitXMLReporter -->
<testsuite ignored="1" hostname="Gursandeep_Virk" failures="0" tests="1" name="Default test" time="10.957" errors="0" timestamp="2023-11-19T21:40:57 EST">
  <testcase classname="com.naveenautomation.TestPages.AddressPageTest" name="validateIfUserCanAddNewAddress" time="4.362"/>
  <testcase classname="com.naveenautomation.TestPages.AddressPageTest" name="validateIfUserCanMakeExistingAddressAsDefaultAddress" time="0.0">
    <ignored/>
  </testcase> <!-- validateIfUserCanMakeExistingAddressAsDefaultAddress -->
</testsuite> <!-- Default test -->
