<?xml version="1.0" encoding="UTF-8"?>
<testsuite xmlns:xsi="http://www.w3.org/2001/XMLSchema-instance" xsi:noNamespaceSchemaLocation="https://maven.apache.org/surefire/maven-surefire-plugin/xsd/surefire-test-report.xsd" name="TestSuite" time="227.319" tests="26" errors="0" skipped="0" failures="1">
  <properties>
[...]
</properties>
  <testcase name="validateIfUserCanFillAffiliateEditForm" classname="com.naveenautomation.TestPages.AccountPageTest" time="4.77"/>
  <testcase name="validateNewspaperSubsciption" classname="com.naveenautomation.TestPages.AccountPageTest" time="3.68"/>
  <testcase name="validateProductReturn" classname="com.naveenautomation.TestPages.AccountPageTest" time="3.303"/>
  <testcase name="validateUserCanUpdatePersonalInfo" classname="com.naveenautomation.TestPages.AccountPageTest" time="3.832"/>
  <testcase name="validateIfUserHasNoRewardPoints" classname="com.naveenautomation.TestPages.RewardPageTest" time="2.268"/>
  <testcase name="validateIfUserCanAddNewAddress" classname="com.naveenautomation.TestPages.AddressPageTest" time="14.571">
    <failure message="Cannot locate element with text: Ontario&#10;For documentation on this error, please visit: https://www.seleniumhq.org/exceptions/no_such_element.html&#10;Build info: version: &apos;3.141.59&apos;, revision: &apos;e82be7d358&apos;, time: &apos;2018-11-14T08:17:03&apos;&#10;System info: host: &apos;GURSANDEEP_VIRK&apos;, ip: &apos;10.0.0.61&apos;, os.name: &apos;Windows 11&apos;, os.arch: &apos;amd64&apos;, os.version: &apos;10.0&apos;, java.version: &apos;11.0.16&apos;&#10;Driver info: driver.version: unknown" type="org.openqa.selenium.NoSuchElementException">org.openqa.selenium.NoSuchElementException: 
Cannot locate element with text: Ontario
For documentation on this error, please visit: https://www.seleniumhq.org/exceptions/no_such_element.html
Build info: version: '3.141.59', revision: 'e82be7d358', time: '2018-11-14T08:17:03'
System info: host: 'GURSANDEEP_VIRK', ip: '10.0.0.61', os.name: 'Windows 11', os.arch: 'amd64', os.version: '10.0', java.version: '11.0.16'
Driver info: driver.version: unknown
	at com.naveenautomation.TestPages.AddressPageTest.validateIfUserCanAddNewAddress(AddressPageTest.java:35)
</failure>
    <system-out><![CDATA[2023-11-18 01:04:31 INFO  TestBase:39 - Navigating to https://naveenautomationlabs.com/opencart/index.php?route=account/login
47980 [main] INFO com.naveenautomation.base.TestBase  - Navigating to https://naveenautomationlabs.com/opencart/index.php?route=account/login
2023-11-18 01:04:34 INFO  TestBase:45 - Navigated to https://naveenautomationlabs.com/opencart/index.php?route=account/login
50750 [main] INFO com.naveenautomation.base.TestBase  - Navigated to https://naveenautomationlabs.com/opencart/index.php?route=account/login
2023-11-18 01:04:34 INFO  TestBase:87 - Finding element using By.id: input-email
50944 [main] INFO com.naveenautomation.base.TestBase  - Finding element using By.id: input-email
2023-11-18 01:04:34 INFO  TestBase:93 - Found element using By.id: input-email
50972 [main] INFO com.naveenautomation.base.TestBase  - Found element using By.id: input-email
2023-11-18 01:04:34 INFO  TestBase:87 - Finding element using By.id: input-password
51097 [main] INFO com.naveenautomation.base.TestBase  - Finding element using By.id: input-password
2023-11-18 01:04:34 INFO  TestBase:93 - Found element using By.id: input-password
51129 [main] INFO com.naveenautomation.base.TestBase  - Found element using By.id: input-password
2023-11-18 01:04:35 INFO  TestBase:87 - Finding element using By.cssSelector: input[type='Submit']
51245 [main] INFO com.naveenautomation.base.TestBase  - Finding element using By.cssSelector: input[type='Submit']
2023-11-18 01:04:35 INFO  TestBase:93 - Found element using By.cssSelector: input[type='Submit']
51271 [main] INFO com.naveenautomation.base.TestBase  - Found element using By.cssSelector: input[type='Submit']
2023-11-18 01:04:35 INFO  TestBase:99 - Clicking on 
51296 [main] INFO com.naveenautomation.base.TestBase  - Clicking on 
2023-11-18 01:04:36 INFO  TestBase:105 - Clicked on [[ChromeDriver: chrome on WINDOWS (c4cd558ca2e3b2696f88ff19a9d172bb)] -> css selector: input[type='Submit']]
52142 [main] INFO com.naveenautomation.base.TestBase  - Clicked on [[ChromeDriver: chrome on WINDOWS (c4cd558ca2e3b2696f88ff19a9d172bb)] -> css selector: input[type='Submit']]
2023-11-18 01:04:36 INFO  TestBase:87 - Finding element using By.cssSelector: #column-right>div>a
52142 [main] INFO com.naveenautomation.base.TestBase  - Finding element using By.cssSelector: #column-right>div>a
2023-11-18 01:04:36 INFO  TestBase:93 - Found element using By.cssSelector: #column-right>div>a
52167 [main] INFO com.naveenautomation.base.TestBase  - Found element using By.cssSelector: #column-right>div>a
2023-11-18 01:04:36 INFO  TestBase:165 - Getting text on My Account
52185 [main] INFO com.naveenautomation.base.TestBase  - Getting text on My Account
2023-11-18 01:04:36 INFO  TestBase:171 - Got text on My Account
52215 [main] INFO com.naveenautomation.base.TestBase  - Got text on My Account
2023-11-18 01:04:36 INFO  TestBase:165 - Getting text on Edit Account
52231 [main] INFO com.naveenautomation.base.TestBase  - Getting text on Edit Account
2023-11-18 01:04:36 INFO  TestBase:171 - Got text on Edit Account
52259 [main] INFO com.naveenautomation.base.TestBase  - Got text on Edit Account
2023-11-18 01:04:36 INFO  TestBase:165 - Getting text on Password
52273 [main] INFO com.naveenautomation.base.TestBase  - Getting text on Password
2023-11-18 01:04:36 INFO  TestBase:171 - Got text on Password
52306 [main] INFO com.naveenautomation.base.TestBase  - Got text on Password
2023-11-18 01:04:36 INFO  TestBase:165 - Getting text on Address Book
52329 [main] INFO com.naveenautomation.base.TestBase  - Getting text on Address Book
2023-11-18 01:04:36 INFO  TestBase:171 - Got text on Address Book
52368 [main] INFO com.naveenautomation.base.TestBase  - Got text on Address Book
2023-11-18 01:04:36 INFO  TestBase:99 - Clicking on Address Book
52397 [main] INFO com.naveenautomation.base.TestBase  - Clicking on Address Book
2023-11-18 01:04:36 INFO  TestBase:105 - Clicked on [[ChromeDriver: chrome on WINDOWS (c4cd558ca2e3b2696f88ff19a9d172bb)] -> css selector: #column-right>div>a]
52953 [main] INFO com.naveenautomation.base.TestBase  - Clicked on [[ChromeDriver: chrome on WINDOWS (c4cd558ca2e3b2696f88ff19a9d172bb)] -> css selector: #column-right>div>a]
2023-11-18 01:04:36 INFO  TestBase:87 - Finding element using By.xpath: //a[text()='New Address']
52954 [main] INFO com.naveenautomation.base.TestBase  - Finding element using By.xpath: //a[text()='New Address']
2023-11-18 01:04:36 INFO  TestBase:93 - Found element using By.xpath: //a[text()='New Address']
52984 [main] INFO com.naveenautomation.base.TestBase  - Found element using By.xpath: //a[text()='New Address']
2023-11-18 01:04:36 INFO  TestBase:99 - Clicking on New Address
53001 [main] INFO com.naveenautomation.base.TestBase  - Clicking on New Address
2023-11-18 01:04:38 INFO  TestBase:105 - Clicked on [[ChromeDriver: chrome on WINDOWS (c4cd558ca2e3b2696f88ff19a9d172bb)] -> xpath: //a[text()='New Address']]
54262 [main] INFO com.naveenautomation.base.TestBase  - Clicked on [[ChromeDriver: chrome on WINDOWS (c4cd558ca2e3b2696f88ff19a9d172bb)] -> xpath: //a[text()='New Address']]
2023-11-18 01:04:38 INFO  TestBase:87 - Finding element using By.cssSelector: #input-firstname
54262 [main] INFO com.naveenautomation.base.TestBase  - Finding element using By.cssSelector: #input-firstname
2023-11-18 01:04:38 INFO  TestBase:93 - Found element using By.cssSelector: #input-firstname
54286 [main] INFO com.naveenautomation.base.TestBase  - Found element using By.cssSelector: #input-firstname
2023-11-18 01:04:38 INFO  TestBase:87 - Finding element using By.cssSelector: #input-lastname
54378 [main] INFO com.naveenautomation.base.TestBase  - Finding element using By.cssSelector: #input-lastname
2023-11-18 01:04:38 INFO  TestBase:93 - Found element using By.cssSelector: #input-lastname
54421 [main] INFO com.naveenautomation.base.TestBase  - Found element using By.cssSelector: #input-lastname
2023-11-18 01:04:38 INFO  TestBase:87 - Finding element using By.cssSelector: #input-address-1
54531 [main] INFO com.naveenautomation.base.TestBase  - Finding element using By.cssSelector: #input-address-1
2023-11-18 01:04:38 INFO  TestBase:93 - Found element using By.cssSelector: #input-address-1
54573 [main] INFO com.naveenautomation.base.TestBase  - Found element using By.cssSelector: #input-address-1
2023-11-18 01:04:38 INFO  TestBase:87 - Finding element using By.cssSelector: #input-city
54703 [main] INFO com.naveenautomation.base.TestBase  - Finding element using By.cssSelector: #input-city
2023-11-18 01:04:38 INFO  TestBase:93 - Found element using By.cssSelector: #input-city
54735 [main] INFO com.naveenautomation.base.TestBase  - Found element using By.cssSelector: #input-city
2023-11-18 01:04:38 INFO  TestBase:87 - Finding element using By.cssSelector: #input-postcode
54847 [main] INFO com.naveenautomation.base.TestBase  - Finding element using By.cssSelector: #input-postcode
2023-11-18 01:04:38 INFO  TestBase:93 - Found element using By.cssSelector: #input-postcode
54888 [main] INFO com.naveenautomation.base.TestBase  - Found element using By.cssSelector: #input-postcode
2023-11-18 01:04:38 INFO  TestBase:87 - Finding element using By.cssSelector: #input-country
54997 [main] INFO com.naveenautomation.base.TestBase  - Finding element using By.cssSelector: #input-country
2023-11-18 01:04:38 INFO  TestBase:93 - Found element using By.cssSelector: #input-country
55037 [main] INFO com.naveenautomation.base.TestBase  - Found element using By.cssSelector: #input-country
2023-11-18 01:04:38 INFO  TestBase:87 - Finding element using By.cssSelector: #input-country
55051 [main] INFO com.naveenautomation.base.TestBase  - Finding element using By.cssSelector: #input-country
2023-11-18 01:04:38 INFO  TestBase:93 - Found element using By.cssSelector: #input-country
55077 [main] INFO com.naveenautomation.base.TestBase  - Found element using By.cssSelector: #input-country
2023-11-18 01:04:38 INFO  TestBase:87 - Finding element using By.cssSelector: #input-country
55109 [main] INFO com.naveenautomation.base.TestBase  - Finding element using By.cssSelector: #input-country
2023-11-18 01:04:38 INFO  TestBase:93 - Found element using By.cssSelector: #input-country
55133 [main] INFO com.naveenautomation.base.TestBase  - Found element using By.cssSelector: #input-country
2023-11-18 01:04:38 INFO  TestBase:87 - Finding element using By.xpath: .//option[normalize-space(.) = "Canada"]
55133 [main] INFO com.naveenautomation.base.TestBase  - Finding element using By.xpath: .//option[normalize-space(.) = "Canada"]
2023-11-18 01:04:39 INFO  TestBase:93 - Found element using By.xpath: .//option[normalize-space(.) = "Canada"]
55166 [main] INFO com.naveenautomation.base.TestBase  - Found element using By.xpath: .//option[normalize-space(.) = "Canada"]
2023-11-18 01:04:39 INFO  TestBase:99 - Clicking on Canada
55212 [main] INFO com.naveenautomation.base.TestBase  - Clicking on Canada
2023-11-18 01:04:39 INFO  TestBase:105 - Clicked on [[[[ChromeDriver: chrome on WINDOWS (c4cd558ca2e3b2696f88ff19a9d172bb)] -> css selector: #input-country]] -> xpath: .//option[normalize-space(.) = "Canada"]]
55263 [main] INFO com.naveenautomation.base.TestBase  - Clicked on [[[[ChromeDriver: chrome on WINDOWS (c4cd558ca2e3b2696f88ff19a9d172bb)] -> css selector: #input-country]] -> xpath: .//option[normalize-space(.) = "Canada"]]
2023-11-18 01:04:39 INFO  TestBase:87 - Finding element using By.cssSelector: #input-zone
55263 [main] INFO com.naveenautomation.base.TestBase  - Finding element using By.cssSelector: #input-zone
2023-11-18 01:04:39 INFO  TestBase:93 - Found element using By.cssSelector: #input-zone
55300 [main] INFO com.naveenautomation.base.TestBase  - Found element using By.cssSelector: #input-zone
2023-11-18 01:04:39 INFO  TestBase:87 - Finding element using By.cssSelector: #input-zone
55311 [main] INFO com.naveenautomation.base.TestBase  - Finding element using By.cssSelector: #input-zone
2023-11-18 01:04:39 INFO  TestBase:93 - Found element using By.cssSelector: #input-zone
55332 [main] INFO com.naveenautomation.base.TestBase  - Found element using By.cssSelector: #input-zone
2023-11-18 01:04:39 INFO  TestBase:87 - Finding element using By.cssSelector: #input-zone
55378 [main] INFO com.naveenautomation.base.TestBase  - Finding element using By.cssSelector: #input-zone
2023-11-18 01:04:39 INFO  TestBase:93 - Found element using By.cssSelector: #input-zone
55407 [main] INFO com.naveenautomation.base.TestBase  - Found element using By.cssSelector: #input-zone
2023-11-18 01:04:39 INFO  TestBase:87 - Finding element using By.xpath: .//option[normalize-space(.) = "Ontario"]
55407 [main] INFO com.naveenautomation.base.TestBase  - Finding element using By.xpath: .//option[normalize-space(.) = "Ontario"]
2023-11-18 01:04:49 INFO  TestBase:93 - Found element using By.xpath: .//option[normalize-space(.) = "Ontario"]
65491 [main] INFO com.naveenautomation.base.TestBase  - Found element using By.xpath: .//option[normalize-space(.) = "Ontario"]
]]></system-out>
    <system-err><![CDATA[Starting ChromeDriver 119.0.6045.105 (38c72552c5e15ba9b3117c0967a0fd105072d7c6-refs/branch-heads/6045@{#1103}) on port 16613
Only local connections are allowed.
Please see https://chromedriver.chromium.org/security-considerations for suggestions on keeping ChromeDriver safe.
ChromeDriver was started successfully.
Nov. 18, 2023 1:04:31 A.M. org.openqa.selenium.remote.ProtocolHandshake createSession
INFO: Detected dialect: W3C
]]></system-err>
  </testcase>
  <testcase name="validateIfUserCanAddProductToCompareList" classname="com.naveenautomation.TestPages.SpecialPageTest" time="2.698"/>
  <testcase name="validateUserFailedToEditAffilateWithNoPayeeInput" classname="com.naveenautomation.TestPages.AffiliateEditPageTest" time="3.553"/>
  <testcase name="validateIfUserHasNotAnyTransaction" classname="com.naveenautomation.TestPages.TransactionPageTest" time="2.248"/>
  <testcase name="validateIfContactUsFailedWithLessEnquiryChar" classname="com.naveenautomation.TestPages.ContactPageTest" time="2.973"/>
  <testcase name="validateIfContactUsFailedWithNoEmailInput" classname="com.naveenautomation.TestPages.ContactPageTest" time="2.87"/>
  <testcase name="validateIfRequiredFieldsAreEmptyThenUserCannotBuyVoucher" classname="com.naveenautomation.TestPages.VoucherSuccessPageTest" time="3.506"/>
  <testcase name="validateIfUserCanBuyVoucher" classname="com.naveenautomation.TestPages.VoucherSuccessPageTest" time="3.26"/>
  <testcase name="validateIfUserCanSuccessfullySubmitEnquiryOnContactUs" classname="com.naveenautomation.TestPages.ContactSuccessPageTest" time="3.567"/>
  <testcase name="validateIfUserHasNotAnyDownloads" classname="com.naveenautomation.TestPages.DownloadPageTest" time="3.19"/>
  <testcase name="validateEmailForForgottenPassword" classname="com.naveenautomation.TestPages.LoginPageTest" time="1.766"/>
  <testcase name="validateLoginWithMultipleCredentials" classname="com.naveenautomation.TestPages.LoginPageTest" time="1.311"/>
  <testcase name="validateLoginWithMultipleCredentials" classname="com.naveenautomation.TestPages.LoginPageTest" time="2.138"/>
  <testcase name="validateLoginWithMultipleCredentials" classname="com.naveenautomation.TestPages.LoginPageTest" time="1.286"/>
  <testcase name="validateLoginWithMultipleCredentials" classname="com.naveenautomation.TestPages.LoginPageTest" time="1.386"/>
  <testcase name="validateLoginWithMultipleCredentials" classname="com.naveenautomation.TestPages.LoginPageTest" time="1.34"/>
  <testcase name="validateUserCanLoginWithValidCredentials" classname="com.naveenautomation.TestPages.LoginPageTest" time="1.37"/>
  <testcase name="validateUserCanNotLoginWithInValidCredentials" classname="com.naveenautomation.TestPages.LoginPageTest" time="0.861"/>
  <testcase name="validateLogoutFunctionality" classname="com.naveenautomation.TestPages.LogoutPageTest" time="3.015"/>
  <testcase name="validateIfUserCanAddMacToWishList" classname="com.naveenautomation.TestPages.MacPageTest" time="3.377"/>
  <testcase name="validateIfUserHasNotAnyOrderHistory" classname="com.naveenautomation.TestPages.OrderHistoryPageTest" time="2.11"/>
</testsuite>