<?xml version="1.0" encoding="UTF-8"?>
<testsuite xmlns:xsi="http://www.w3.org/2001/XMLSchema-instance" xsi:noNamespaceSchemaLocation="https://maven.apache.org/surefire/maven-surefire-plugin/xsd/surefire-test-report.xsd" name="TestSuite" time="2,530.4" tests="78" errors="0" skipped="64" failures="14">
  <properties>
[...]
</properties>
  <testcase name="launch" classname="com.naveenautomation.TestPages.AccountPageTest" time="182.266">
    <failure message="Could not start a new session. Possible causes are invalid address of the remote server or browser start-up failure. &#10;Host info: host: &apos;GURSANDEEP_VIRK&apos;, ip: &apos;172.20.10.2&apos;&#10;Build info: version: &apos;4.11.0&apos;, revision: &apos;040bc5406b&apos;&#10;System info: os.name: &apos;Windows 11&apos;, os.arch: &apos;amd64&apos;, os.version: &apos;10.0&apos;, java.version: &apos;11.0.16&apos;&#10;Driver info: org.openqa.selenium.remote.RemoteWebDriver&#10;Command: [null, newSession {capabilities=[Capabilities {browserName: chrome, goog:chromeOptions: {args: [--remote-allow-origins=*, --incognito, --headless], extensions: []}}]}]&#10;Capabilities {browserName: chrome, goog:chromeOptions: {args: [--remote-allow-origins=*, --incognito, --headless], extensions: []}}" type="org.openqa.selenium.SessionNotCreatedException">org.openqa.selenium.SessionNotCreatedException: 
Could not start a new session. Possible causes are invalid address of the remote server or browser start-up failure. 
Host info: host: 'GURSANDEEP_VIRK', ip: '172.20.10.2'
Build info: version: '4.11.0', revision: '040bc5406b'
System info: os.name: 'Windows 11', os.arch: 'amd64', os.version: '10.0', java.version: '11.0.16'
Driver info: org.openqa.selenium.remote.RemoteWebDriver
Command: [null, newSession {capabilities=[Capabilities {browserName: chrome, goog:chromeOptions: {args: [--remote-allow-origins=*, --incognito, --headless], extensions: []}}]}]
Capabilities {browserName: chrome, goog:chromeOptions: {args: [--remote-allow-origins=*, --incognito, --headless], extensions: []}}
	at com.naveenautomation.TestPages.AccountPageTest.launch(AccountPageTest.java:30)
Caused by: java.lang.RuntimeException: NettyHttpHandler request execution error
	at com.naveenautomation.TestPages.AccountPageTest.launch(AccountPageTest.java:30)
Caused by: java.util.concurrent.ExecutionException: java.util.concurrent.TimeoutException: Request timeout to localhost/127.0.0.1:4444 after 180000 ms
	at com.naveenautomation.TestPages.AccountPageTest.launch(AccountPageTest.java:30)
Caused by: java.util.concurrent.TimeoutException: Request timeout to localhost/127.0.0.1:4444 after 180000 ms
</failure>
    <system-err><![CDATA[SLF4J: Failed to load class "org.slf4j.impl.StaticLoggerBinder".
SLF4J: Defaulting to no-operation (NOP) logger implementation
SLF4J: See http://www.slf4j.org/codes.html#StaticLoggerBinder for further details.
Nov. 21, 2023 3:21:56 P.M. org.openqa.selenium.remote.tracing.opentelemetry.OpenTelemetryTracer createTracer
INFO: Using OpenTelemetry for tracing
]]></system-err>
  </testcase>
  <testcase name="launch" classname="com.naveenautomation.TestPages.AccountPageTest" time="0">
    <skipped/>
  </testcase>
  <testcase name="launch" classname="com.naveenautomation.TestPages.AccountPageTest" time="0">
    <skipped/>
  </testcase>
  <testcase name="launch" classname="com.naveenautomation.TestPages.AccountPageTest" time="0">
    <skipped/>
  </testcase>
  <testcase name="validateIfUserCanFillAffiliateEditForm" classname="com.naveenautomation.TestPages.AccountPageTest" time="0">
    <skipped message="Could not start a new session. Possible causes are invalid address of the remote server or browser start-up failure. &#10;Host info: host: &apos;GURSANDEEP_VIRK&apos;, ip: &apos;172.20.10.2&apos;&#10;Build info: version: &apos;4.11.0&apos;, revision: &apos;040bc5406b&apos;&#10;System info: os.name: &apos;Windows 11&apos;, os.arch: &apos;amd64&apos;, os.version: &apos;10.0&apos;, java.version: &apos;11.0.16&apos;&#10;Driver info: org.openqa.selenium.remote.RemoteWebDriver&#10;Command: [null, newSession {capabilities=[Capabilities {browserName: chrome, goog:chromeOptions: {args: [--remote-allow-origins=*, --incognito, --headless], extensions: []}}]}]&#10;Capabilities {browserName: chrome, goog:chromeOptions: {args: [--remote-allow-origins=*, --incognito, --headless], extensions: []}}"/>
  </testcase>
  <testcase name="quitBrowser" classname="com.naveenautomation.TestPages.AccountPageTest" time="0">
    <skipped/>
  </testcase>
  <testcase name="quitBrowser" classname="com.naveenautomation.TestPages.AccountPageTest" time="0">
    <skipped/>
  </testcase>
  <testcase name="quitBrowser" classname="com.naveenautomation.TestPages.AccountPageTest" time="0">
    <skipped/>
  </testcase>
  <testcase name="quitBrowser" classname="com.naveenautomation.TestPages.AccountPageTest" time="0">
    <skipped/>
  </testcase>
  <testcase name="validateNewspaperSubsciption" classname="com.naveenautomation.TestPages.AccountPageTest" time="0">
    <skipped message="Could not start a new session. Possible causes are invalid address of the remote server or browser start-up failure. &#10;Host info: host: &apos;GURSANDEEP_VIRK&apos;, ip: &apos;172.20.10.2&apos;&#10;Build info: version: &apos;4.11.0&apos;, revision: &apos;040bc5406b&apos;&#10;System info: os.name: &apos;Windows 11&apos;, os.arch: &apos;amd64&apos;, os.version: &apos;10.0&apos;, java.version: &apos;11.0.16&apos;&#10;Driver info: org.openqa.selenium.remote.RemoteWebDriver&#10;Command: [null, newSession {capabilities=[Capabilities {browserName: chrome, goog:chromeOptions: {args: [--remote-allow-origins=*, --incognito, --headless], extensions: []}}]}]&#10;Capabilities {browserName: chrome, goog:chromeOptions: {args: [--remote-allow-origins=*, --incognito, --headless], extensions: []}}"/>
  </testcase>
  <testcase name="validateProductReturn" classname="com.naveenautomation.TestPages.AccountPageTest" time="0">
    <skipped message="Could not start a new session. Possible causes are invalid address of the remote server or browser start-up failure. &#10;Host info: host: &apos;GURSANDEEP_VIRK&apos;, ip: &apos;172.20.10.2&apos;&#10;Build info: version: &apos;4.11.0&apos;, revision: &apos;040bc5406b&apos;&#10;System info: os.name: &apos;Windows 11&apos;, os.arch: &apos;amd64&apos;, os.version: &apos;10.0&apos;, java.version: &apos;11.0.16&apos;&#10;Driver info: org.openqa.selenium.remote.RemoteWebDriver&#10;Command: [null, newSession {capabilities=[Capabilities {browserName: chrome, goog:chromeOptions: {args: [--remote-allow-origins=*, --incognito, --headless], extensions: []}}]}]&#10;Capabilities {browserName: chrome, goog:chromeOptions: {args: [--remote-allow-origins=*, --incognito, --headless], extensions: []}}"/>
  </testcase>
  <testcase name="validateUserCanUpdatePersonalInfo" classname="com.naveenautomation.TestPages.AccountPageTest" time="0">
    <skipped message="Could not start a new session. Possible causes are invalid address of the remote server or browser start-up failure. &#10;Host info: host: &apos;GURSANDEEP_VIRK&apos;, ip: &apos;172.20.10.2&apos;&#10;Build info: version: &apos;4.11.0&apos;, revision: &apos;040bc5406b&apos;&#10;System info: os.name: &apos;Windows 11&apos;, os.arch: &apos;amd64&apos;, os.version: &apos;10.0&apos;, java.version: &apos;11.0.16&apos;&#10;Driver info: org.openqa.selenium.remote.RemoteWebDriver&#10;Command: [null, newSession {capabilities=[Capabilities {browserName: chrome, goog:chromeOptions: {args: [--remote-allow-origins=*, --incognito, --headless], extensions: []}}]}]&#10;Capabilities {browserName: chrome, goog:chromeOptions: {args: [--remote-allow-origins=*, --incognito, --headless], extensions: []}}"/>
  </testcase>
  <testcase name="launch" classname="com.naveenautomation.TestPages.RewardPageTest" time="362.835">
    <failure message="Could not start a new session. Possible causes are invalid address of the remote server or browser start-up failure. &#10;Host info: host: &apos;GURSANDEEP_VIRK&apos;, ip: &apos;172.20.10.2&apos;" type="org.openqa.selenium.SessionNotCreatedException">org.openqa.selenium.SessionNotCreatedException: 
Could not start a new session. Possible causes are invalid address of the remote server or browser start-up failure. 
Host info: host: 'GURSANDEEP_VIRK', ip: '172.20.10.2'
	at com.naveenautomation.TestPages.RewardPageTest.launch(RewardPageTest.java:22)
Caused by: org.openqa.selenium.TimeoutException: 
java.util.concurrent.TimeoutException
Build info: version: '4.11.0', revision: '040bc5406b'
System info: os.name: 'Windows 11', os.arch: 'amd64', os.version: '10.0', java.version: '11.0.16'
Driver info: driver.version: RemoteWebDriver
	at com.naveenautomation.TestPages.RewardPageTest.launch(RewardPageTest.java:22)
Caused by: java.util.concurrent.TimeoutException
	at com.naveenautomation.TestPages.RewardPageTest.launch(RewardPageTest.java:22)
</failure>
  </testcase>
  <testcase name="validateIfUserHasNoRewardPoints" classname="com.naveenautomation.TestPages.RewardPageTest" time="0">
    <skipped message="Could not start a new session. Possible causes are invalid address of the remote server or browser start-up failure. &#10;Host info: host: &apos;GURSANDEEP_VIRK&apos;, ip: &apos;172.20.10.2&apos;"/>
  </testcase>
  <testcase name="quitBrowser" classname="com.naveenautomation.TestPages.RewardPageTest" time="0">
    <skipped/>
  </testcase>
  <testcase name="launch" classname="com.naveenautomation.TestPages.AddressPageTest" time="543.188">
    <failure message="Could not start a new session. Possible causes are invalid address of the remote server or browser start-up failure. &#10;Host info: host: &apos;GURSANDEEP_VIRK&apos;, ip: &apos;172.20.10.2&apos;" type="org.openqa.selenium.SessionNotCreatedException">org.openqa.selenium.SessionNotCreatedException: 
Could not start a new session. Possible causes are invalid address of the remote server or browser start-up failure. 
Host info: host: 'GURSANDEEP_VIRK', ip: '172.20.10.2'
	at com.naveenautomation.TestPages.AddressPageTest.launch(AddressPageTest.java:26)
Caused by: org.openqa.selenium.TimeoutException: 
java.util.concurrent.TimeoutException
Build info: version: '4.11.0', revision: '040bc5406b'
System info: os.name: 'Windows 11', os.arch: 'amd64', os.version: '10.0', java.version: '11.0.16'
Driver info: driver.version: RemoteWebDriver
	at com.naveenautomation.TestPages.AddressPageTest.launch(AddressPageTest.java:26)
Caused by: java.util.concurrent.TimeoutException
	at com.naveenautomation.TestPages.AddressPageTest.launch(AddressPageTest.java:26)
</failure>
  </testcase>
  <testcase name="validateIfUserCanAddNewAddress" classname="com.naveenautomation.TestPages.AddressPageTest" time="0">
    <skipped message="Could not start a new session. Possible causes are invalid address of the remote server or browser start-up failure. &#10;Host info: host: &apos;GURSANDEEP_VIRK&apos;, ip: &apos;172.20.10.2&apos;"/>
  </testcase>
  <testcase name="quitBrowser" classname="com.naveenautomation.TestPages.AddressPageTest" time="0">
    <skipped/>
  </testcase>
  <testcase name="launch" classname="com.naveenautomation.TestPages.SpecialPageTest" time="723.69">
    <failure message="Could not start a new session. Possible causes are invalid address of the remote server or browser start-up failure. &#10;Host info: host: &apos;GURSANDEEP_VIRK&apos;, ip: &apos;172.20.10.2&apos;" type="org.openqa.selenium.SessionNotCreatedException">org.openqa.selenium.SessionNotCreatedException: 
Could not start a new session. Possible causes are invalid address of the remote server or browser start-up failure. 
Host info: host: 'GURSANDEEP_VIRK', ip: '172.20.10.2'
	at com.naveenautomation.TestPages.SpecialPageTest.launch(SpecialPageTest.java:21)
Caused by: org.openqa.selenium.TimeoutException: 
java.util.concurrent.TimeoutException
Build info: version: '4.11.0', revision: '040bc5406b'
System info: os.name: 'Windows 11', os.arch: 'amd64', os.version: '10.0', java.version: '11.0.16'
Driver info: driver.version: RemoteWebDriver
	at com.naveenautomation.TestPages.SpecialPageTest.launch(SpecialPageTest.java:21)
Caused by: java.util.concurrent.TimeoutException
	at com.naveenautomation.TestPages.SpecialPageTest.launch(SpecialPageTest.java:21)
</failure>
  </testcase>
  <testcase name="validateIfUserCanAddProductToCompareList" classname="com.naveenautomation.TestPages.SpecialPageTest" time="0">
    <skipped message="Could not start a new session. Possible causes are invalid address of the remote server or browser start-up failure. &#10;Host info: host: &apos;GURSANDEEP_VIRK&apos;, ip: &apos;172.20.10.2&apos;"/>
  </testcase>
  <testcase name="quitBrowser" classname="com.naveenautomation.TestPages.SpecialPageTest" time="0">
    <skipped/>
  </testcase>
  <testcase name="launch" classname="com.naveenautomation.TestPages.AffiliateEditPageTest" time="904.137">
    <failure message="Could not start a new session. Possible causes are invalid address of the remote server or browser start-up failure. &#10;Host info: host: &apos;GURSANDEEP_VIRK&apos;, ip: &apos;172.20.10.2&apos;" type="org.openqa.selenium.SessionNotCreatedException">org.openqa.selenium.SessionNotCreatedException: 
Could not start a new session. Possible causes are invalid address of the remote server or browser start-up failure. 
Host info: host: 'GURSANDEEP_VIRK', ip: '172.20.10.2'
	at com.naveenautomation.TestPages.AffiliateEditPageTest.launch(AffiliateEditPageTest.java:21)
Caused by: org.openqa.selenium.TimeoutException: 
java.util.concurrent.TimeoutException
Build info: version: '4.11.0', revision: '040bc5406b'
System info: os.name: 'Windows 11', os.arch: 'amd64', os.version: '10.0', java.version: '11.0.16'
Driver info: driver.version: RemoteWebDriver
	at com.naveenautomation.TestPages.AffiliateEditPageTest.launch(AffiliateEditPageTest.java:21)
Caused by: java.util.concurrent.TimeoutException
	at com.naveenautomation.TestPages.AffiliateEditPageTest.launch(AffiliateEditPageTest.java:21)
</failure>
  </testcase>
  <testcase name="validateUserFailedToEditAffilateWithNoPayeeInput" classname="com.naveenautomation.TestPages.AffiliateEditPageTest" time="0">
    <skipped message="Could not start a new session. Possible causes are invalid address of the remote server or browser start-up failure. &#10;Host info: host: &apos;GURSANDEEP_VIRK&apos;, ip: &apos;172.20.10.2&apos;"/>
  </testcase>
  <testcase name="quitBrowser" classname="com.naveenautomation.TestPages.AffiliateEditPageTest" time="0">
    <skipped/>
  </testcase>
  <testcase name="launch" classname="com.naveenautomation.TestPages.TransactionPageTest" time="1,084.362">
    <failure message="Could not start a new session. Possible causes are invalid address of the remote server or browser start-up failure. &#10;Host info: host: &apos;GURSANDEEP_VIRK&apos;, ip: &apos;172.20.10.2&apos;&#10;Build info: version: &apos;4.11.0&apos;, revision: &apos;040bc5406b&apos;&#10;System info: os.name: &apos;Windows 11&apos;, os.arch: &apos;amd64&apos;, os.version: &apos;10.0&apos;, java.version: &apos;11.0.16&apos;&#10;Driver info: org.openqa.selenium.remote.RemoteWebDriver&#10;Command: [null, newSession {capabilities=[Capabilities {browserName: chrome, goog:chromeOptions: {args: [--remote-allow-origins=*, --incognito, --headless], extensions: []}}]}]&#10;Capabilities {browserName: chrome, goog:chromeOptions: {args: [--remote-allow-origins=*, --incognito, --headless], extensions: []}}" type="org.openqa.selenium.SessionNotCreatedException">org.openqa.selenium.SessionNotCreatedException: 
Could not start a new session. Possible causes are invalid address of the remote server or browser start-up failure. 
Host info: host: 'GURSANDEEP_VIRK', ip: '172.20.10.2'
Build info: version: '4.11.0', revision: '040bc5406b'
System info: os.name: 'Windows 11', os.arch: 'amd64', os.version: '10.0', java.version: '11.0.16'
Driver info: org.openqa.selenium.remote.RemoteWebDriver
Command: [null, newSession {capabilities=[Capabilities {browserName: chrome, goog:chromeOptions: {args: [--remote-allow-origins=*, --incognito, --headless], extensions: []}}]}]
Capabilities {browserName: chrome, goog:chromeOptions: {args: [--remote-allow-origins=*, --incognito, --headless], extensions: []}}
	at com.naveenautomation.TestPages.TransactionPageTest.launch(TransactionPageTest.java:22)
Caused by: java.lang.RuntimeException: NettyHttpHandler request execution error
	at com.naveenautomation.TestPages.TransactionPageTest.launch(TransactionPageTest.java:22)
Caused by: java.util.concurrent.ExecutionException: java.util.concurrent.TimeoutException: Request timeout to localhost/127.0.0.1:4444 after 180000 ms
	at com.naveenautomation.TestPages.TransactionPageTest.launch(TransactionPageTest.java:22)
Caused by: java.util.concurrent.TimeoutException: Request timeout to localhost/127.0.0.1:4444 after 180000 ms
</failure>
  </testcase>
  <testcase name="validateIfUserHasNotAnyTransaction" classname="com.naveenautomation.TestPages.TransactionPageTest" time="0">
    <skipped message="Could not start a new session. Possible causes are invalid address of the remote server or browser start-up failure. &#10;Host info: host: &apos;GURSANDEEP_VIRK&apos;, ip: &apos;172.20.10.2&apos;&#10;Build info: version: &apos;4.11.0&apos;, revision: &apos;040bc5406b&apos;&#10;System info: os.name: &apos;Windows 11&apos;, os.arch: &apos;amd64&apos;, os.version: &apos;10.0&apos;, java.version: &apos;11.0.16&apos;&#10;Driver info: org.openqa.selenium.remote.RemoteWebDriver&#10;Command: [null, newSession {capabilities=[Capabilities {browserName: chrome, goog:chromeOptions: {args: [--remote-allow-origins=*, --incognito, --headless], extensions: []}}]}]&#10;Capabilities {browserName: chrome, goog:chromeOptions: {args: [--remote-allow-origins=*, --incognito, --headless], extensions: []}}"/>
  </testcase>
  <testcase name="quitBrowser" classname="com.naveenautomation.TestPages.TransactionPageTest" time="0">
    <skipped/>
  </testcase>
  <testcase name="launch" classname="com.naveenautomation.TestPages.ContactPageTest" time="1,264.767">
    <failure message="Could not start a new session. Possible causes are invalid address of the remote server or browser start-up failure. &#10;Host info: host: &apos;GURSANDEEP_VIRK&apos;, ip: &apos;172.20.10.2&apos;" type="org.openqa.selenium.SessionNotCreatedException">org.openqa.selenium.SessionNotCreatedException: 
Could not start a new session. Possible causes are invalid address of the remote server or browser start-up failure. 
Host info: host: 'GURSANDEEP_VIRK', ip: '172.20.10.2'
	at com.naveenautomation.TestPages.ContactPageTest.launch(ContactPageTest.java:21)
Caused by: org.openqa.selenium.TimeoutException: 
java.util.concurrent.TimeoutException
Build info: version: '4.11.0', revision: '040bc5406b'
System info: os.name: 'Windows 11', os.arch: 'amd64', os.version: '10.0', java.version: '11.0.16'
Driver info: driver.version: RemoteWebDriver
	at com.naveenautomation.TestPages.ContactPageTest.launch(ContactPageTest.java:21)
Caused by: java.util.concurrent.TimeoutException
	at com.naveenautomation.TestPages.ContactPageTest.launch(ContactPageTest.java:21)
</failure>
  </testcase>
  <testcase name="launch" classname="com.naveenautomation.TestPages.ContactPageTest" time="0">
    <skipped/>
  </testcase>
  <testcase name="validateIfContactUsFailedWithLessEnquiryChar" classname="com.naveenautomation.TestPages.ContactPageTest" time="0">
    <skipped message="Could not start a new session. Possible causes are invalid address of the remote server or browser start-up failure. &#10;Host info: host: &apos;GURSANDEEP_VIRK&apos;, ip: &apos;172.20.10.2&apos;"/>
  </testcase>
  <testcase name="quitBrowser" classname="com.naveenautomation.TestPages.ContactPageTest" time="0">
    <skipped/>
  </testcase>
  <testcase name="quitBrowser" classname="com.naveenautomation.TestPages.ContactPageTest" time="0">
    <skipped/>
  </testcase>
  <testcase name="validateIfContactUsFailedWithNoEmailInput" classname="com.naveenautomation.TestPages.ContactPageTest" time="0">
    <skipped message="Could not start a new session. Possible causes are invalid address of the remote server or browser start-up failure. &#10;Host info: host: &apos;GURSANDEEP_VIRK&apos;, ip: &apos;172.20.10.2&apos;"/>
  </testcase>
  <testcase name="launch" classname="com.naveenautomation.TestPages.VoucherSuccessPageTest" time="1,445.364">
    <failure message="Could not start a new session. Possible causes are invalid address of the remote server or browser start-up failure. &#10;Host info: host: &apos;GURSANDEEP_VIRK&apos;, ip: &apos;172.20.10.2&apos;" type="org.openqa.selenium.SessionNotCreatedException">org.openqa.selenium.SessionNotCreatedException: 
Could not start a new session. Possible causes are invalid address of the remote server or browser start-up failure. 
Host info: host: 'GURSANDEEP_VIRK', ip: '172.20.10.2'
	at com.naveenautomation.TestPages.VoucherSuccessPageTest.launch(VoucherSuccessPageTest.java:23)
Caused by: org.openqa.selenium.TimeoutException: 
java.util.concurrent.TimeoutException
Build info: version: '4.11.0', revision: '040bc5406b'
System info: os.name: 'Windows 11', os.arch: 'amd64', os.version: '10.0', java.version: '11.0.16'
Driver info: driver.version: RemoteWebDriver
	at com.naveenautomation.TestPages.VoucherSuccessPageTest.launch(VoucherSuccessPageTest.java:23)
Caused by: java.util.concurrent.TimeoutException
	at com.naveenautomation.TestPages.VoucherSuccessPageTest.launch(VoucherSuccessPageTest.java:23)
</failure>
  </testcase>
  <testcase name="launch" classname="com.naveenautomation.TestPages.VoucherSuccessPageTest" time="0">
    <skipped/>
  </testcase>
  <testcase name="validateIfRequiredFieldsAreEmptyThenUserCannotBuyVoucher" classname="com.naveenautomation.TestPages.VoucherSuccessPageTest" time="0">
    <skipped message="Could not start a new session. Possible causes are invalid address of the remote server or browser start-up failure. &#10;Host info: host: &apos;GURSANDEEP_VIRK&apos;, ip: &apos;172.20.10.2&apos;"/>
  </testcase>
  <testcase name="quitBrowser" classname="com.naveenautomation.TestPages.VoucherSuccessPageTest" time="0">
    <skipped/>
  </testcase>
  <testcase name="quitBrowser" classname="com.naveenautomation.TestPages.VoucherSuccessPageTest" time="0">
    <skipped/>
  </testcase>
  <testcase name="validateIfUserCanBuyVoucher" classname="com.naveenautomation.TestPages.VoucherSuccessPageTest" time="0">
    <skipped message="Could not start a new session. Possible causes are invalid address of the remote server or browser start-up failure. &#10;Host info: host: &apos;GURSANDEEP_VIRK&apos;, ip: &apos;172.20.10.2&apos;"/>
  </testcase>
  <testcase name="launch" classname="com.naveenautomation.TestPages.ContactSuccessPageTest" time="1,625.913">
    <failure message="Could not start a new session. Possible causes are invalid address of the remote server or browser start-up failure. &#10;Host info: host: &apos;GURSANDEEP_VIRK&apos;, ip: &apos;172.20.10.2&apos;" type="org.openqa.selenium.SessionNotCreatedException">org.openqa.selenium.SessionNotCreatedException: 
Could not start a new session. Possible causes are invalid address of the remote server or browser start-up failure. 
Host info: host: 'GURSANDEEP_VIRK', ip: '172.20.10.2'
	at com.naveenautomation.TestPages.ContactSuccessPageTest.launch(ContactSuccessPageTest.java:23)
Caused by: org.openqa.selenium.TimeoutException: 
java.util.concurrent.TimeoutException
Build info: version: '4.11.0', revision: '040bc5406b'
System info: os.name: 'Windows 11', os.arch: 'amd64', os.version: '10.0', java.version: '11.0.16'
Driver info: driver.version: RemoteWebDriver
	at com.naveenautomation.TestPages.ContactSuccessPageTest.launch(ContactSuccessPageTest.java:23)
Caused by: java.util.concurrent.TimeoutException
	at com.naveenautomation.TestPages.ContactSuccessPageTest.launch(ContactSuccessPageTest.java:23)
</failure>
  </testcase>
  <testcase name="validateIfUserCanSuccessfullySubmitEnquiryOnContactUs" classname="com.naveenautomation.TestPages.ContactSuccessPageTest" time="0">
    <skipped message="Could not start a new session. Possible causes are invalid address of the remote server or browser start-up failure. &#10;Host info: host: &apos;GURSANDEEP_VIRK&apos;, ip: &apos;172.20.10.2&apos;"/>
  </testcase>
  <testcase name="quitBrowser" classname="com.naveenautomation.TestPages.ContactSuccessPageTest" time="0">
    <skipped/>
  </testcase>
  <testcase name="launch" classname="com.naveenautomation.TestPages.DownloadPageTest" time="1,806.24">
    <failure message="Could not start a new session. Possible causes are invalid address of the remote server or browser start-up failure. &#10;Host info: host: &apos;GURSANDEEP_VIRK&apos;, ip: &apos;172.20.10.2&apos;&#10;Build info: version: &apos;4.11.0&apos;, revision: &apos;040bc5406b&apos;&#10;System info: os.name: &apos;Windows 11&apos;, os.arch: &apos;amd64&apos;, os.version: &apos;10.0&apos;, java.version: &apos;11.0.16&apos;&#10;Driver info: org.openqa.selenium.remote.RemoteWebDriver&#10;Command: [null, newSession {capabilities=[Capabilities {browserName: chrome, goog:chromeOptions: {args: [--remote-allow-origins=*, --incognito, --headless], extensions: []}}]}]&#10;Capabilities {browserName: chrome, goog:chromeOptions: {args: [--remote-allow-origins=*, --incognito, --headless], extensions: []}}" type="org.openqa.selenium.SessionNotCreatedException">org.openqa.selenium.SessionNotCreatedException: 
Could not start a new session. Possible causes are invalid address of the remote server or browser start-up failure. 
Host info: host: 'GURSANDEEP_VIRK', ip: '172.20.10.2'
Build info: version: '4.11.0', revision: '040bc5406b'
System info: os.name: 'Windows 11', os.arch: 'amd64', os.version: '10.0', java.version: '11.0.16'
Driver info: org.openqa.selenium.remote.RemoteWebDriver
Command: [null, newSession {capabilities=[Capabilities {browserName: chrome, goog:chromeOptions: {args: [--remote-allow-origins=*, --incognito, --headless], extensions: []}}]}]
Capabilities {browserName: chrome, goog:chromeOptions: {args: [--remote-allow-origins=*, --incognito, --headless], extensions: []}}
	at com.naveenautomation.TestPages.DownloadPageTest.launch(DownloadPageTest.java:22)
Caused by: java.lang.RuntimeException: NettyHttpHandler request execution error
	at com.naveenautomation.TestPages.DownloadPageTest.launch(DownloadPageTest.java:22)
Caused by: java.util.concurrent.ExecutionException: java.util.concurrent.TimeoutException: Request timeout to localhost/127.0.0.1:4444 after 180000 ms
	at com.naveenautomation.TestPages.DownloadPageTest.launch(DownloadPageTest.java:22)
Caused by: java.util.concurrent.TimeoutException: Request timeout to localhost/127.0.0.1:4444 after 180000 ms
</failure>
  </testcase>
  <testcase name="validateIfUserHasNotAnyDownloads" classname="com.naveenautomation.TestPages.DownloadPageTest" time="0">
    <skipped message="Could not start a new session. Possible causes are invalid address of the remote server or browser start-up failure. &#10;Host info: host: &apos;GURSANDEEP_VIRK&apos;, ip: &apos;172.20.10.2&apos;&#10;Build info: version: &apos;4.11.0&apos;, revision: &apos;040bc5406b&apos;&#10;System info: os.name: &apos;Windows 11&apos;, os.arch: &apos;amd64&apos;, os.version: &apos;10.0&apos;, java.version: &apos;11.0.16&apos;&#10;Driver info: org.openqa.selenium.remote.RemoteWebDriver&#10;Command: [null, newSession {capabilities=[Capabilities {browserName: chrome, goog:chromeOptions: {args: [--remote-allow-origins=*, --incognito, --headless], extensions: []}}]}]&#10;Capabilities {browserName: chrome, goog:chromeOptions: {args: [--remote-allow-origins=*, --incognito, --headless], extensions: []}}"/>
  </testcase>
  <testcase name="quitBrowser" classname="com.naveenautomation.TestPages.DownloadPageTest" time="0">
    <skipped/>
  </testcase>
  <testcase name="launch" classname="com.naveenautomation.TestPages.LoginPageTest" time="1,986.496">
    <failure message="Could not start a new session. Possible causes are invalid address of the remote server or browser start-up failure. &#10;Host info: host: &apos;GURSANDEEP_VIRK&apos;, ip: &apos;172.20.10.2&apos;" type="org.openqa.selenium.SessionNotCreatedException">org.openqa.selenium.SessionNotCreatedException: 
Could not start a new session. Possible causes are invalid address of the remote server or browser start-up failure. 
Host info: host: 'GURSANDEEP_VIRK', ip: '172.20.10.2'
	at com.naveenautomation.TestPages.LoginPageTest.launch(LoginPageTest.java:23)
Caused by: org.openqa.selenium.TimeoutException: 
java.util.concurrent.TimeoutException
Build info: version: '4.11.0', revision: '040bc5406b'
System info: os.name: 'Windows 11', os.arch: 'amd64', os.version: '10.0', java.version: '11.0.16'
Driver info: driver.version: RemoteWebDriver
	at com.naveenautomation.TestPages.LoginPageTest.launch(LoginPageTest.java:23)
Caused by: java.util.concurrent.TimeoutException
	at com.naveenautomation.TestPages.LoginPageTest.launch(LoginPageTest.java:23)
</failure>
  </testcase>
  <testcase name="launch" classname="com.naveenautomation.TestPages.LoginPageTest" time="0">
    <skipped/>
  </testcase>
  <testcase name="launch" classname="com.naveenautomation.TestPages.LoginPageTest" time="0">
    <skipped/>
  </testcase>
  <testcase name="launch" classname="com.naveenautomation.TestPages.LoginPageTest" time="0">
    <skipped/>
  </testcase>
  <testcase name="launch" classname="com.naveenautomation.TestPages.LoginPageTest" time="0">
    <skipped/>
  </testcase>
  <testcase name="launch" classname="com.naveenautomation.TestPages.LoginPageTest" time="0">
    <skipped/>
  </testcase>
  <testcase name="launch" classname="com.naveenautomation.TestPages.LoginPageTest" time="0">
    <skipped/>
  </testcase>
  <testcase name="launch" classname="com.naveenautomation.TestPages.LoginPageTest" time="0">
    <skipped/>
  </testcase>
  <testcase name="validateEmailForForgottenPassword" classname="com.naveenautomation.TestPages.LoginPageTest" time="0">
    <skipped message="Could not start a new session. Possible causes are invalid address of the remote server or browser start-up failure. &#10;Host info: host: &apos;GURSANDEEP_VIRK&apos;, ip: &apos;172.20.10.2&apos;"/>
  </testcase>
  <testcase name="quitBrowser" classname="com.naveenautomation.TestPages.LoginPageTest" time="0">
    <skipped/>
  </testcase>
  <testcase name="quitBrowser" classname="com.naveenautomation.TestPages.LoginPageTest" time="0">
    <skipped/>
  </testcase>
  <testcase name="quitBrowser" classname="com.naveenautomation.TestPages.LoginPageTest" time="0">
    <skipped/>
  </testcase>
  <testcase name="quitBrowser" classname="com.naveenautomation.TestPages.LoginPageTest" time="0">
    <skipped/>
  </testcase>
  <testcase name="quitBrowser" classname="com.naveenautomation.TestPages.LoginPageTest" time="0">
    <skipped/>
  </testcase>
  <testcase name="quitBrowser" classname="com.naveenautomation.TestPages.LoginPageTest" time="0">
    <skipped/>
  </testcase>
  <testcase name="quitBrowser" classname="com.naveenautomation.TestPages.LoginPageTest" time="0">
    <skipped/>
  </testcase>
  <testcase name="quitBrowser" classname="com.naveenautomation.TestPages.LoginPageTest" time="0">
    <skipped/>
  </testcase>
  <testcase name="validateLoginWithMultipleCredentials" classname="com.naveenautomation.TestPages.LoginPageTest" time="0">
    <skipped message="Could not start a new session. Possible causes are invalid address of the remote server or browser start-up failure. &#10;Host info: host: &apos;GURSANDEEP_VIRK&apos;, ip: &apos;172.20.10.2&apos;"/>
  </testcase>
  <testcase name="validateLoginWithMultipleCredentials" classname="com.naveenautomation.TestPages.LoginPageTest" time="0">
    <skipped message="Could not start a new session. Possible causes are invalid address of the remote server or browser start-up failure. &#10;Host info: host: &apos;GURSANDEEP_VIRK&apos;, ip: &apos;172.20.10.2&apos;"/>
  </testcase>
  <testcase name="validateLoginWithMultipleCredentials" classname="com.naveenautomation.TestPages.LoginPageTest" time="0">
    <skipped message="Could not start a new session. Possible causes are invalid address of the remote server or browser start-up failure. &#10;Host info: host: &apos;GURSANDEEP_VIRK&apos;, ip: &apos;172.20.10.2&apos;"/>
  </testcase>
  <testcase name="validateLoginWithMultipleCredentials" classname="com.naveenautomation.TestPages.LoginPageTest" time="0">
    <skipped message="Could not start a new session. Possible causes are invalid address of the remote server or browser start-up failure. &#10;Host info: host: &apos;GURSANDEEP_VIRK&apos;, ip: &apos;172.20.10.2&apos;"/>
  </testcase>
  <testcase name="validateLoginWithMultipleCredentials" classname="com.naveenautomation.TestPages.LoginPageTest" time="0">
    <skipped message="Could not start a new session. Possible causes are invalid address of the remote server or browser start-up failure. &#10;Host info: host: &apos;GURSANDEEP_VIRK&apos;, ip: &apos;172.20.10.2&apos;"/>
  </testcase>
  <testcase name="validateUserCanLoginWithValidCredentials" classname="com.naveenautomation.TestPages.LoginPageTest" time="0">
    <skipped message="Could not start a new session. Possible causes are invalid address of the remote server or browser start-up failure. &#10;Host info: host: &apos;GURSANDEEP_VIRK&apos;, ip: &apos;172.20.10.2&apos;"/>
  </testcase>
  <testcase name="validateUserCanNotLoginWithInValidCredentials" classname="com.naveenautomation.TestPages.LoginPageTest" time="0">
    <skipped message="Could not start a new session. Possible causes are invalid address of the remote server or browser start-up failure. &#10;Host info: host: &apos;GURSANDEEP_VIRK&apos;, ip: &apos;172.20.10.2&apos;"/>
  </testcase>
  <testcase name="launch" classname="com.naveenautomation.TestPages.LogoutPageTest" time="2,169.105">
    <failure message="Could not start a new session. Possible causes are invalid address of the remote server or browser start-up failure. &#10;Host info: host: &apos;GURSANDEEP_VIRK&apos;, ip: &apos;172.20.10.2&apos;" type="org.openqa.selenium.SessionNotCreatedException">org.openqa.selenium.SessionNotCreatedException: 
Could not start a new session. Possible causes are invalid address of the remote server or browser start-up failure. 
Host info: host: 'GURSANDEEP_VIRK', ip: '172.20.10.2'
	at com.naveenautomation.TestPages.LogoutPageTest.launch(LogoutPageTest.java:22)
Caused by: org.openqa.selenium.TimeoutException: 
java.util.concurrent.TimeoutException
Build info: version: '4.11.0', revision: '040bc5406b'
System info: os.name: 'Windows 11', os.arch: 'amd64', os.version: '10.0', java.version: '11.0.16'
Driver info: driver.version: RemoteWebDriver
	at com.naveenautomation.TestPages.LogoutPageTest.launch(LogoutPageTest.java:22)
Caused by: java.util.concurrent.TimeoutException
	at com.naveenautomation.TestPages.LogoutPageTest.launch(LogoutPageTest.java:22)
</failure>
  </testcase>
  <testcase name="validateLogoutFunctionality" classname="com.naveenautomation.TestPages.LogoutPageTest" time="0">
    <skipped message="Could not start a new session. Possible causes are invalid address of the remote server or browser start-up failure. &#10;Host info: host: &apos;GURSANDEEP_VIRK&apos;, ip: &apos;172.20.10.2&apos;"/>
  </testcase>
  <testcase name="quitBrowser" classname="com.naveenautomation.TestPages.LogoutPageTest" time="0">
    <skipped/>
  </testcase>
  <testcase name="launch" classname="com.naveenautomation.TestPages.MacPageTest" time="2,349.192">
    <failure message="Could not start a new session. Possible causes are invalid address of the remote server or browser start-up failure. &#10;Host info: host: &apos;GURSANDEEP_VIRK&apos;, ip: &apos;172.20.10.2&apos;&#10;Build info: version: &apos;4.11.0&apos;, revision: &apos;040bc5406b&apos;&#10;System info: os.name: &apos;Windows 11&apos;, os.arch: &apos;amd64&apos;, os.version: &apos;10.0&apos;, java.version: &apos;11.0.16&apos;&#10;Driver info: org.openqa.selenium.remote.RemoteWebDriver&#10;Command: [null, newSession {capabilities=[Capabilities {browserName: chrome, goog:chromeOptions: {args: [--remote-allow-origins=*, --incognito, --headless], extensions: []}}]}]&#10;Capabilities {browserName: chrome, goog:chromeOptions: {args: [--remote-allow-origins=*, --incognito, --headless], extensions: []}}" type="org.openqa.selenium.SessionNotCreatedException">org.openqa.selenium.SessionNotCreatedException: 
Could not start a new session. Possible causes are invalid address of the remote server or browser start-up failure. 
Host info: host: 'GURSANDEEP_VIRK', ip: '172.20.10.2'
Build info: version: '4.11.0', revision: '040bc5406b'
System info: os.name: 'Windows 11', os.arch: 'amd64', os.version: '10.0', java.version: '11.0.16'
Driver info: org.openqa.selenium.remote.RemoteWebDriver
Command: [null, newSession {capabilities=[Capabilities {browserName: chrome, goog:chromeOptions: {args: [--remote-allow-origins=*, --incognito, --headless], extensions: []}}]}]
Capabilities {browserName: chrome, goog:chromeOptions: {args: [--remote-allow-origins=*, --incognito, --headless], extensions: []}}
	at com.naveenautomation.TestPages.MacPageTest.launch(MacPageTest.java:21)
Caused by: java.lang.RuntimeException: NettyHttpHandler request execution error
	at com.naveenautomation.TestPages.MacPageTest.launch(MacPageTest.java:21)
Caused by: java.util.concurrent.ExecutionException: java.util.concurrent.TimeoutException: Request timeout to localhost/127.0.0.1:4444 after 180000 ms
	at com.naveenautomation.TestPages.MacPageTest.launch(MacPageTest.java:21)
Caused by: java.util.concurrent.TimeoutException: Request timeout to localhost/127.0.0.1:4444 after 180000 ms
</failure>
  </testcase>
  <testcase name="validateIfUserCanAddMacToWishList" classname="com.naveenautomation.TestPages.MacPageTest" time="0">
    <skipped message="Could not start a new session. Possible causes are invalid address of the remote server or browser start-up failure. &#10;Host info: host: &apos;GURSANDEEP_VIRK&apos;, ip: &apos;172.20.10.2&apos;&#10;Build info: version: &apos;4.11.0&apos;, revision: &apos;040bc5406b&apos;&#10;System info: os.name: &apos;Windows 11&apos;, os.arch: &apos;amd64&apos;, os.version: &apos;10.0&apos;, java.version: &apos;11.0.16&apos;&#10;Driver info: org.openqa.selenium.remote.RemoteWebDriver&#10;Command: [null, newSession {capabilities=[Capabilities {browserName: chrome, goog:chromeOptions: {args: [--remote-allow-origins=*, --incognito, --headless], extensions: []}}]}]&#10;Capabilities {browserName: chrome, goog:chromeOptions: {args: [--remote-allow-origins=*, --incognito, --headless], extensions: []}}"/>
  </testcase>
  <testcase name="quitBrowser" classname="com.naveenautomation.TestPages.MacPageTest" time="0">
    <skipped/>
  </testcase>
  <testcase name="launch" classname="com.naveenautomation.TestPages.OrderHistoryPageTest" time="2,529.325">
    <failure message="Could not start a new session. Possible causes are invalid address of the remote server or browser start-up failure. &#10;Host info: host: &apos;GURSANDEEP_VIRK&apos;, ip: &apos;172.20.10.2&apos;" type="org.openqa.selenium.SessionNotCreatedException">org.openqa.selenium.SessionNotCreatedException: 
Could not start a new session. Possible causes are invalid address of the remote server or browser start-up failure. 
Host info: host: 'GURSANDEEP_VIRK', ip: '172.20.10.2'
	at com.naveenautomation.TestPages.OrderHistoryPageTest.launch(OrderHistoryPageTest.java:22)
Caused by: org.openqa.selenium.TimeoutException: 
java.util.concurrent.TimeoutException
Build info: version: '4.11.0', revision: '040bc5406b'
System info: os.name: 'Windows 11', os.arch: 'amd64', os.version: '10.0', java.version: '11.0.16'
Driver info: driver.version: RemoteWebDriver
	at com.naveenautomation.TestPages.OrderHistoryPageTest.launch(OrderHistoryPageTest.java:22)
Caused by: java.util.concurrent.TimeoutException
	at com.naveenautomation.TestPages.OrderHistoryPageTest.launch(OrderHistoryPageTest.java:22)
</failure>
  </testcase>
  <testcase name="validateIfUserHasNotAnyOrderHistory" classname="com.naveenautomation.TestPages.OrderHistoryPageTest" time="0">
    <skipped message="Could not start a new session. Possible causes are invalid address of the remote server or browser start-up failure. &#10;Host info: host: &apos;GURSANDEEP_VIRK&apos;, ip: &apos;172.20.10.2&apos;"/>
  </testcase>
  <testcase name="quitBrowser" classname="com.naveenautomation.TestPages.OrderHistoryPageTest" time="0">
    <skipped/>
  </testcase>
</testsuite>