<?xml version="1.0" encoding="UTF-8"?>
<testng-results ignored="0" total="1" passed="0" failed="1" skipped="0">
  <reporter-output>
  </reporter-output>
  <suite started-at="2023-11-06T18:36:02 EST" name="Default suite" finished-at="2023-11-06T18:36:07 EST" duration-ms="5042">
    <groups>
    </groups>
    <test started-at="2023-11-06T18:36:02 EST" name="Default test" finished-at="2023-11-06T18:36:07 EST" duration-ms="5042">
      <class name="com.naveenautomation.Utils.DownloadAFile">
        <test-method is-config="true" signature="setup()[pri:0, instance:com.naveenautomation.Utils.DownloadAFile@2f67b837]" started-at="2023-11-06T18:36:02 EST" name="setup" finished-at="2023-11-06T18:36:07 EST" duration-ms="4141" status="PASS">
          <reporter-output>
          </reporter-output>
        </test-method> <!-- setup -->
        <test-method signature="validateIfUserCanVerifyADownloadedFile()[pri:0, instance:com.naveenautomation.Utils.DownloadAFile@2f67b837]" started-at="2023-11-06T18:36:07 EST" name="validateIfUserCanVerifyADownloadedFile" finished-at="2023-11-06T18:36:07 EST" duration-ms="463" status="FAIL">
          <exception class="java.lang.NullPointerException">
            <message>
              <![CDATA[Cannot read the array length because "listOfFiles" is null]]>
            </message>
            <full-stacktrace>
              <![CDATA[java.lang.NullPointerException: Cannot read the array length because "listOfFiles" is null
at com.naveenautomation.Utils.DownloadAFile.isFileAvailable(DownloadAFile.java:69)
at com.naveenautomation.Utils.DownloadAFile.validateIfUserCanVerifyADownloadedFile(DownloadAFile.java:51)
at java.base/jdk.internal.reflect.NativeMethodAccessorImpl.invoke0(Native Method)
at java.base/jdk.internal.reflect.NativeMethodAccessorImpl.invoke(NativeMethodAccessorImpl.java:77)
at java.base/jdk.internal.reflect.DelegatingMethodAccessorImpl.invoke(DelegatingMethodAccessorImpl.java:43)
at java.base/java.lang.reflect.Method.invoke(Method.java:568)
at org.testng.internal.invokers.MethodInvocationHelper.invokeMethod(MethodInvocationHelper.java:139)
at org.testng.internal.invokers.TestInvoker.invokeMethod(TestInvoker.java:664)
at org.testng.internal.invokers.TestInvoker.invokeTestMethod(TestInvoker.java:227)
at org.testng.internal.invokers.MethodRunner.runInSequence(MethodRunner.java:50)
at org.testng.internal.invokers.TestInvoker$MethodInvocationAgent.invoke(TestInvoker.java:957)
at org.testng.internal.invokers.TestInvoker.invokeTestMethods(TestInvoker.java:200)
at org.testng.internal.invokers.TestMethodWorker.invokeTestMethods(TestMethodWorker.java:148)
at org.testng.internal.invokers.TestMethodWorker.run(TestMethodWorker.java:128)
at java.base/java.util.ArrayList.forEach(ArrayList.java:1511)
at org.testng.TestRunner.privateRun(TestRunner.java:848)
at org.testng.TestRunner.run(TestRunner.java:621)
at org.testng.SuiteRunner.runTest(SuiteRunner.java:443)
at org.testng.SuiteRunner.runSequentially(SuiteRunner.java:437)
at org.testng.SuiteRunner.privateRun(SuiteRunner.java:397)
at org.testng.SuiteRunner.run(SuiteRunner.java:336)
at org.testng.SuiteRunnerWorker.runSuite(SuiteRunnerWorker.java:52)
at org.testng.SuiteRunnerWorker.run(SuiteRunnerWorker.java:95)
at org.testng.TestNG.runSuitesSequentially(TestNG.java:1280)
at org.testng.TestNG.runSuitesLocally(TestNG.java:1200)
at org.testng.TestNG.runSuites(TestNG.java:1114)
at org.testng.TestNG.run(TestNG.java:1082)
at org.testng.remote.AbstractRemoteTestNG.run(AbstractRemoteTestNG.java:115)
at org.testng.remote.RemoteTestNG.initAndRun(RemoteTestNG.java:251)
at org.testng.remote.RemoteTestNG.main(RemoteTestNG.java:77)
]]>
            </full-stacktrace>
          </exception> <!-- java.lang.NullPointerException -->
          <reporter-output>
          </reporter-output>
        </test-method> <!-- validateIfUserCanVerifyADownloadedFile -->
        <test-method is-config="true" signature="tearDown()[pri:0, instance:com.naveenautomation.Utils.DownloadAFile@2f67b837]" started-at="2023-11-06T18:36:07 EST" name="tearDown" finished-at="2023-11-06T18:36:07 EST" duration-ms="226" status="PASS">
          <reporter-output>
          </reporter-output>
        </test-method> <!-- tearDown -->
      </class> <!-- com.naveenautomation.Utils.DownloadAFile -->
    </test> <!-- Default test -->
  </suite> <!-- Default suite -->
</testng-results>
