<?xml version="1.0" encoding="UTF-8"?>
<testng-results ignored="0" total="1" passed="1" failed="0" skipped="0">
  <reporter-output>
  </reporter-output>
  <suite started-at="2023-11-19T21:40:46 EST" name="Default suite" finished-at="2023-11-19T21:40:57 EST" duration-ms="10957">
    <groups>
    </groups>
    <test started-at="2023-11-19T21:40:46 EST" name="Default test" finished-at="2023-11-19T21:40:57 EST" duration-ms="10957">
      <class name="com.naveenautomation.TestPages.AddressPageTest">
        <test-method is-config="true" signature="loggerSetup()[pri:0, instance:com.naveenautomation.TestPages.AddressPageTest@528c868]" started-at="2023-11-19T21:40:46 EST" name="loggerSetup" finished-at="2023-11-19T21:40:46 EST" duration-ms="68" status="PASS">
          <reporter-output>
          </reporter-output>
        </test-method> <!-- loggerSetup -->
        <test-method is-config="true" signature="launch()[pri:0, instance:com.naveenautomation.TestPages.AddressPageTest@528c868]" started-at="2023-11-19T21:40:46 EST" name="launch" finished-at="2023-11-19T21:40:52 EST" duration-ms="6039" status="PASS">
          <reporter-output>
          </reporter-output>
        </test-method> <!-- launch -->
        <test-method signature="validateIfUserCanAddNewAddress()[pri:0, instance:com.naveenautomation.TestPages.AddressPageTest@528c868]" started-at="2023-11-19T21:40:52 EST" name="validateIfUserCanAddNewAddress" finished-at="2023-11-19T21:40:57 EST" duration-ms="4362" status="PASS">
          <reporter-output>
          </reporter-output>
        </test-method> <!-- validateIfUserCanAddNewAddress -->
        <test-method is-config="true" signature="quitBrowser()[pri:0, instance:com.naveenautomation.TestPages.AddressPageTest@528c868]" started-at="2023-11-19T21:40:57 EST" name="quitBrowser" finished-at="2023-11-19T21:40:57 EST" duration-ms="294" status="PASS">
          <reporter-output>
          </reporter-output>
        </test-method> <!-- quitBrowser -->
      </class> <!-- com.naveenautomation.TestPages.AddressPageTest -->
    </test> <!-- Default test -->
  </suite> <!-- Default suite -->
</testng-results>
